[2021-07-22 16:25:24] production.ERROR: Connection could not be established with host  :stream_socket_client(): php_network_getaddresses: getaddrinfo failed: Name or service not known {"exception":"[object] (Swift_TransportException(code: 0): Connection could not be established with host  :stream_socket_client(): php_network_getaddresses: getaddrinfo failed: Name or service not known at /home/x/x4power/erp.cit-llc.ru/public_html/application/vendor/swiftmailer/swiftmailer/lib/classes/Swift/Transport/StreamBuffer.php:269)
[stacktrace]
#0 [internal function]: Swift_Transport_StreamBuffer->{closure}(2, 'stream_socket_c...', '/home/x/x4power...', 272, Array)
#1 /home/x/x4power/erp.cit-llc.ru/public_html/application/vendor/swiftmailer/swiftmailer/lib/classes/Swift/Transport/StreamBuffer.php(272): stream_socket_client('tcp://:0', 0, 'php_network_get...', 30, 4, Resource id #875)
#2 /home/x/x4power/erp.cit-llc.ru/public_html/application/vendor/swiftmailer/swiftmailer/lib/classes/Swift/Transport/StreamBuffer.php(58): Swift_Transport_StreamBuffer->establishSocketConnection()
#3 /home/x/x4power/erp.cit-llc.ru/public_html/application/vendor/swiftmailer/swiftmailer/lib/classes/Swift/Transport/AbstractSmtpTransport.php(143): Swift_Transport_StreamBuffer->initialize(Array)
#4 /home/x/x4power/erp.cit-llc.ru/public_html/application/vendor/swiftmailer/swiftmailer/lib/classes/Swift/Mailer.php(65): Swift_Transport_AbstractSmtpTransport->start()
#5 /home/x/x4power/erp.cit-llc.ru/public_html/application/vendor/laravel/framework/src/Illuminate/Mail/Mailer.php(521): Swift_Mailer->send(Object(Swift_Message), Array)
#6 /home/x/x4power/erp.cit-llc.ru/public_html/application/vendor/laravel/framework/src/Illuminate/Mail/Mailer.php(288): Illuminate\\Mail\\Mailer->sendSwiftMessage(Object(Swift_Message))
#7 /home/x/x4power/erp.cit-llc.ru/public_html/application/vendor/laravel/framework/src/Illuminate/Mail/Mailable.php(177): Illuminate\\Mail\\Mailer->send('pages.emails.te...', Array, Object(Closure))
#8 /home/x/x4power/erp.cit-llc.ru/public_html/application/vendor/laravel/framework/src/Illuminate/Support/Traits/Localizable.php(19): Illuminate\\Mail\\Mailable->Illuminate\\Mail\\{closure}()
#9 /home/x/x4power/erp.cit-llc.ru/public_html/application/vendor/laravel/framework/src/Illuminate/Mail/Mailable.php(178): Illuminate\\Mail\\Mailable->withLocale(NULL, Object(Closure))
#10 /home/x/x4power/erp.cit-llc.ru/public_html/application/vendor/laravel/framework/src/Illuminate/Mail/Mailer.php(304): Illuminate\\Mail\\Mailable->send(Object(Illuminate\\Mail\\Mailer))
#11 /home/x/x4power/erp.cit-llc.ru/public_html/application/vendor/laravel/framework/src/Illuminate/Mail/Mailer.php(258): Illuminate\\Mail\\Mailer->sendMailable(Object(App\\Mail\\SendQueued))
#12 /home/x/x4power/erp.cit-llc.ru/public_html/application/vendor/laravel/framework/src/Illuminate/Mail/PendingMail.php(122): Illuminate\\Mail\\Mailer->send(Object(App\\Mail\\SendQueued))
#13 /home/x/x4power/erp.cit-llc.ru/public_html/application/app/Cronjobs/EmailCron.php(48): Illuminate\\Mail\\PendingMail->send(Object(App\\Mail\\SendQueued))
#14 [internal function]: App\\Cronjobs\\EmailCron->__invoke()
#15 /home/x/x4power/erp.cit-llc.ru/public_html/application/vendor/laravel/framework/src/Illuminate/Container/BoundMethod.php(37): call_user_func_array(Array, Array)
#16 /home/x/x4power/erp.cit-llc.ru/public_html/application/vendor/laravel/framework/src/Illuminate/Container/Util.php(37): Illuminate\\Container\\BoundMethod::Illuminate\\Container\\{closure}()
#17 /home/x/x4power/erp.cit-llc.ru/public_html/application/vendor/laravel/framework/src/Illuminate/Container/BoundMethod.php(95): Illuminate\\Container\\Util::unwrapIfClosure(Object(Closure))
#18 /home/x/x4power/erp.cit-llc.ru/public_html/application/vendor/laravel/framework/src/Illuminate/Container/BoundMethod.php(39): Illuminate\\Container\\BoundMethod::callBoundMethod(Object(Illuminate\\Foundation\\Application), Array, Object(Closure))
#19 /home/x/x4power/erp.cit-llc.ru/public_html/application/vendor/laravel/framework/src/Illuminate/Container/Container.php(596): Illuminate\\Container\\BoundMethod::call(Object(Illuminate\\Foundation\\Application), Array, Array, NULL)
#20 /home/x/x4power/erp.cit-llc.ru/public_html/application/vendor/laravel/framework/src/Illuminate/Console/Scheduling/CallbackEvent.php(77): Illuminate\\Container\\Container->call(Array, Array)
#21 /home/x/x4power/erp.cit-llc.ru/public_html/application/vendor/laravel/framework/src/Illuminate/Console/Scheduling/ScheduleRunCommand.php(143): Illuminate\\Console\\Scheduling\\CallbackEvent->run(Object(Illuminate\\Foundation\\Application))
#22 /home/x/x4power/erp.cit-llc.ru/public_html/application/vendor/laravel/framework/src/Illuminate/Console/Scheduling/ScheduleRunCommand.php(102): Illuminate\\Console\\Scheduling\\ScheduleRunCommand->runEvent(Object(Illuminate\\Console\\Scheduling\\CallbackEvent))
#23 [internal function]: Illuminate\\Console\\Scheduling\\ScheduleRunCommand->handle(Object(Illuminate\\Console\\Scheduling\\Schedule), Object(Illuminate\\Events\\Dispatcher), Object(App\\Exceptions\\Handler))
#24 /home/x/x4power/erp.cit-llc.ru/public_html/application/vendor/laravel/framework/src/Illuminate/Container/BoundMethod.php(37): call_user_func_array(Array, Array)
#25 /home/x/x4power/erp.cit-llc.ru/public_html/application/vendor/laravel/framework/src/Illuminate/Container/Util.php(37): Illuminate\\Container\\BoundMethod::Illuminate\\Container\\{closure}()
#26 /home/x/x4power/erp.cit-llc.ru/public_html/application/vendor/laravel/framework/src/Illuminate/Container/BoundMethod.php(95): Illuminate\\Container\\Util::unwrapIfClosure(Object(Closure))
#27 /home/x/x4power/erp.cit-llc.ru/public_html/application/vendor/laravel/framework/src/Illuminate/Container/BoundMethod.php(39): Illuminate\\Container\\BoundMethod::callBoundMethod(Object(Illuminate\\Foundation\\Application), Array, Object(Closure))
#28 /home/x/x4power/erp.cit-llc.ru/public_html/application/vendor/laravel/framework/src/Illuminate/Container/Container.php(596): Illuminate\\Container\\BoundMethod::call(Object(Illuminate\\Foundation\\Application), Array, Array, NULL)
#29 /home/x/x4power/erp.cit-llc.ru/public_html/application/vendor/laravel/framework/src/Illuminate/Console/Command.php(134): Illuminate\\Container\\Container->call(Array)
#30 /home/x/x4power/erp.cit-llc.ru/public_html/application/vendor/symfony/console/Command/Command.php(258): Illuminate\\Console\\Command->execute(Object(Symfony\\Component\\Console\\Input\\ArgvInput), Object(Illuminate\\Console\\OutputStyle))
#31 /home/x/x4power/erp.cit-llc.ru/public_html/application/vendor/laravel/framework/src/Illuminate/Console/Command.php(121): Symfony\\Component\\Console\\Command\\Command->run(Object(Symfony\\Component\\Console\\Input\\ArgvInput), Object(Illuminate\\Console\\OutputStyle))
#32 /home/x/x4power/erp.cit-llc.ru/public_html/application/vendor/symfony/console/Application.php(916): Illuminate\\Console\\Command->run(Object(Symfony\\Component\\Console\\Input\\ArgvInput), Object(Symfony\\Component\\Console\\Output\\ConsoleOutput))
#33 /home/x/x4power/erp.cit-llc.ru/public_html/application/vendor/symfony/console/Application.php(264): Symfony\\Component\\Console\\Application->doRunCommand(Object(Illuminate\\Console\\Scheduling\\ScheduleRunCommand), Object(Symfony\\Component\\Console\\Input\\ArgvInput), Object(Symfony\\Component\\Console\\Output\\ConsoleOutput))
#34 /home/x/x4power/erp.cit-llc.ru/public_html/application/vendor/symfony/console/Application.php(140): Symfony\\Component\\Console\\Application->doRun(Object(Symfony\\Component\\Console\\Input\\ArgvInput), Object(Symfony\\Component\\Console\\Output\\ConsoleOutput))
#35 /home/x/x4power/erp.cit-llc.ru/public_html/application/vendor/laravel/framework/src/Illuminate/Console/Application.php(93): Symfony\\Component\\Console\\Application->run(Object(Symfony\\Component\\Console\\Input\\ArgvInput), Object(Symfony\\Component\\Console\\Output\\ConsoleOutput))
#36 /home/x/x4power/erp.cit-llc.ru/public_html/application/vendor/laravel/framework/src/Illuminate/Foundation/Console/Kernel.php(129): Illuminate\\Console\\Application->run(Object(Symfony\\Component\\Console\\Input\\ArgvInput), Object(Symfony\\Component\\Console\\Output\\ConsoleOutput))
#37 /home/x/x4power/erp.cit-llc.ru/public_html/application/artisan(37): Illuminate\\Foundation\\Console\\Kernel->handle(Object(Symfony\\Component\\Console\\Input\\ArgvInput), Object(Symfony\\Component\\Console\\Output\\ConsoleOutput))
#38 {main}
"} 
[2021-07-22 16:26:54] production.ERROR: Connection could not be established with host  :stream_socket_client(): php_network_getaddresses: getaddrinfo failed: Name or service not known {"exception":"[object] (Swift_TransportException(code: 0): Connection could not be established with host  :stream_socket_client(): php_network_getaddresses: getaddrinfo failed: Name or service not known at /home/x/x4power/erp.cit-llc.ru/public_html/application/vendor/swiftmailer/swiftmailer/lib/classes/Swift/Transport/StreamBuffer.php:269)
[stacktrace]
#0 [internal function]: Swift_Transport_StreamBuffer->{closure}(2, 'stream_socket_c...', '/home/x/x4power...', 272, Array)
#1 /home/x/x4power/erp.cit-llc.ru/public_html/application/vendor/swiftmailer/swiftmailer/lib/classes/Swift/Transport/StreamBuffer.php(272): stream_socket_client('tcp://:0', 0, 'php_network_get...', 30, 4, Resource id #872)
#2 /home/x/x4power/erp.cit-llc.ru/public_html/application/vendor/swiftmailer/swiftmailer/lib/classes/Swift/Transport/StreamBuffer.php(58): Swift_Transport_StreamBuffer->establishSocketConnection()
#3 /home/x/x4power/erp.cit-llc.ru/public_html/application/vendor/swiftmailer/swiftmailer/lib/classes/Swift/Transport/AbstractSmtpTransport.php(143): Swift_Transport_StreamBuffer->initialize(Array)
#4 /home/x/x4power/erp.cit-llc.ru/public_html/application/vendor/swiftmailer/swiftmailer/lib/classes/Swift/Mailer.php(65): Swift_Transport_AbstractSmtpTransport->start()
#5 /home/x/x4power/erp.cit-llc.ru/public_html/application/vendor/laravel/framework/src/Illuminate/Mail/Mailer.php(521): Swift_Mailer->send(Object(Swift_Message), Array)
#6 /home/x/x4power/erp.cit-llc.ru/public_html/application/vendor/laravel/framework/src/Illuminate/Mail/Mailer.php(288): Illuminate\\Mail\\Mailer->sendSwiftMessage(Object(Swift_Message))
#7 /home/x/x4power/erp.cit-llc.ru/public_html/application/vendor/laravel/framework/src/Illuminate/Mail/Mailable.php(177): Illuminate\\Mail\\Mailer->send('pages.emails.te...', Array, Object(Closure))
#8 /home/x/x4power/erp.cit-llc.ru/public_html/application/vendor/laravel/framework/src/Illuminate/Support/Traits/Localizable.php(19): Illuminate\\Mail\\Mailable->Illuminate\\Mail\\{closure}()
#9 /home/x/x4power/erp.cit-llc.ru/public_html/application/vendor/laravel/framework/src/Illuminate/Mail/Mailable.php(178): Illuminate\\Mail\\Mailable->withLocale(NULL, Object(Closure))
#10 /home/x/x4power/erp.cit-llc.ru/public_html/application/vendor/laravel/framework/src/Illuminate/Mail/Mailer.php(304): Illuminate\\Mail\\Mailable->send(Object(Illuminate\\Mail\\Mailer))
#11 /home/x/x4power/erp.cit-llc.ru/public_html/application/vendor/laravel/framework/src/Illuminate/Mail/Mailer.php(258): Illuminate\\Mail\\Mailer->sendMailable(Object(App\\Mail\\SendQueued))
#12 /home/x/x4power/erp.cit-llc.ru/public_html/application/vendor/laravel/framework/src/Illuminate/Mail/PendingMail.php(122): Illuminate\\Mail\\Mailer->send(Object(App\\Mail\\SendQueued))
#13 /home/x/x4power/erp.cit-llc.ru/public_html/application/app/Cronjobs/EmailCron.php(48): Illuminate\\Mail\\PendingMail->send(Object(App\\Mail\\SendQueued))
#14 [internal function]: App\\Cronjobs\\EmailCron->__invoke()
#15 /home/x/x4power/erp.cit-llc.ru/public_html/application/vendor/laravel/framework/src/Illuminate/Container/BoundMethod.php(37): call_user_func_array(Array, Array)
#16 /home/x/x4power/erp.cit-llc.ru/public_html/application/vendor/laravel/framework/src/Illuminate/Container/Util.php(37): Illuminate\\Container\\BoundMethod::Illuminate\\Container\\{closure}()
#17 /home/x/x4power/erp.cit-llc.ru/public_html/application/vendor/laravel/framework/src/Illuminate/Container/BoundMethod.php(95): Illuminate\\Container\\Util::unwrapIfClosure(Object(Closure))
#18 /home/x/x4power/erp.cit-llc.ru/public_html/application/vendor/laravel/framework/src/Illuminate/Container/BoundMethod.php(39): Illuminate\\Container\\BoundMethod::callBoundMethod(Object(Illuminate\\Foundation\\Application), Array, Object(Closure))
#19 /home/x/x4power/erp.cit-llc.ru/public_html/application/vendor/laravel/framework/src/Illuminate/Container/Container.php(596): Illuminate\\Container\\BoundMethod::call(Object(Illuminate\\Foundation\\Application), Array, Array, NULL)
#20 /home/x/x4power/erp.cit-llc.ru/public_html/application/vendor/laravel/framework/src/Illuminate/Console/Scheduling/CallbackEvent.php(77): Illuminate\\Container\\Container->call(Array, Array)
#21 /home/x/x4power/erp.cit-llc.ru/public_html/application/vendor/laravel/framework/src/Illuminate/Console/Scheduling/ScheduleRunCommand.php(143): Illuminate\\Console\\Scheduling\\CallbackEvent->run(Object(Illuminate\\Foundation\\Application))
#22 /home/x/x4power/erp.cit-llc.ru/public_html/application/vendor/laravel/framework/src/Illuminate/Console/Scheduling/ScheduleRunCommand.php(102): Illuminate\\Console\\Scheduling\\ScheduleRunCommand->runEvent(Object(Illuminate\\Console\\Scheduling\\CallbackEvent))
#23 [internal function]: Illuminate\\Console\\Scheduling\\ScheduleRunCommand->handle(Object(Illuminate\\Console\\Scheduling\\Schedule), Object(Illuminate\\Events\\Dispatcher), Object(App\\Exceptions\\Handler))
#24 /home/x/x4power/erp.cit-llc.ru/public_html/application/vendor/laravel/framework/src/Illuminate/Container/BoundMethod.php(37): call_user_func_array(Array, Array)
#25 /home/x/x4power/erp.cit-llc.ru/public_html/application/vendor/laravel/framework/src/Illuminate/Container/Util.php(37): Illuminate\\Container\\BoundMethod::Illuminate\\Container\\{closure}()
#26 /home/x/x4power/erp.cit-llc.ru/public_html/application/vendor/laravel/framework/src/Illuminate/Container/BoundMethod.php(95): Illuminate\\Container\\Util::unwrapIfClosure(Object(Closure))
#27 /home/x/x4power/erp.cit-llc.ru/public_html/application/vendor/laravel/framework/src/Illuminate/Container/BoundMethod.php(39): Illuminate\\Container\\BoundMethod::callBoundMethod(Object(Illuminate\\Foundation\\Application), Array, Object(Closure))
#28 /home/x/x4power/erp.cit-llc.ru/public_html/application/vendor/laravel/framework/src/Illuminate/Container/Container.php(596): Illuminate\\Container\\BoundMethod::call(Object(Illuminate\\Foundation\\Application), Array, Array, NULL)
#29 /home/x/x4power/erp.cit-llc.ru/public_html/application/vendor/laravel/framework/src/Illuminate/Console/Command.php(134): Illuminate\\Container\\Container->call(Array)
#30 /home/x/x4power/erp.cit-llc.ru/public_html/application/vendor/symfony/console/Command/Command.php(258): Illuminate\\Console\\Command->execute(Object(Symfony\\Component\\Console\\Input\\ArgvInput), Object(Illuminate\\Console\\OutputStyle))
#31 /home/x/x4power/erp.cit-llc.ru/public_html/application/vendor/laravel/framework/src/Illuminate/Console/Command.php(121): Symfony\\Component\\Console\\Command\\Command->run(Object(Symfony\\Component\\Console\\Input\\ArgvInput), Object(Illuminate\\Console\\OutputStyle))
#32 /home/x/x4power/erp.cit-llc.ru/public_html/application/vendor/symfony/console/Application.php(916): Illuminate\\Console\\Command->run(Object(Symfony\\Component\\Console\\Input\\ArgvInput), Object(Symfony\\Component\\Console\\Output\\ConsoleOutput))
#33 /home/x/x4power/erp.cit-llc.ru/public_html/application/vendor/symfony/console/Application.php(264): Symfony\\Component\\Console\\Application->doRunCommand(Object(Illuminate\\Console\\Scheduling\\ScheduleRunCommand), Object(Symfony\\Component\\Console\\Input\\ArgvInput), Object(Symfony\\Component\\Console\\Output\\ConsoleOutput))
#34 /home/x/x4power/erp.cit-llc.ru/public_html/application/vendor/symfony/console/Application.php(140): Symfony\\Component\\Console\\Application->doRun(Object(Symfony\\Component\\Console\\Input\\ArgvInput), Object(Symfony\\Component\\Console\\Output\\ConsoleOutput))
#35 /home/x/x4power/erp.cit-llc.ru/public_html/application/vendor/laravel/framework/src/Illuminate/Console/Application.php(93): Symfony\\Component\\Console\\Application->run(Object(Symfony\\Component\\Console\\Input\\ArgvInput), Object(Symfony\\Component\\Console\\Output\\ConsoleOutput))
#36 /home/x/x4power/erp.cit-llc.ru/public_html/application/vendor/laravel/framework/src/Illuminate/Foundation/Console/Kernel.php(129): Illuminate\\Console\\Application->run(Object(Symfony\\Component\\Console\\Input\\ArgvInput), Object(Symfony\\Component\\Console\\Output\\ConsoleOutput))
#37 /home/x/x4power/erp.cit-llc.ru/public_html/application/artisan(37): Illuminate\\Foundation\\Console\\Kernel->handle(Object(Symfony\\Component\\Console\\Input\\ArgvInput), Object(Symfony\\Component\\Console\\Output\\ConsoleOutput))
#38 {main}
"} 
[2021-07-22 16:28:28] production.ERROR: Connection could not be established with host  :stream_socket_client(): php_network_getaddresses: getaddrinfo failed: Name or service not known {"exception":"[object] (Swift_TransportException(code: 0): Connection could not be established with host  :stream_socket_client(): php_network_getaddresses: getaddrinfo failed: Name or service not known at /home/x/x4power/erp.cit-llc.ru/public_html/application/vendor/swiftmailer/swiftmailer/lib/classes/Swift/Transport/StreamBuffer.php:269)
[stacktrace]
#0 [internal function]: Swift_Transport_StreamBuffer->{closure}(2, 'stream_socket_c...', '/home/x/x4power...', 272, Array)
#1 /home/x/x4power/erp.cit-llc.ru/public_html/application/vendor/swiftmailer/swiftmailer/lib/classes/Swift/Transport/StreamBuffer.php(272): stream_socket_client('tcp://:0', 0, 'php_network_get...', 30, 4, Resource id #872)
#2 /home/x/x4power/erp.cit-llc.ru/public_html/application/vendor/swiftmailer/swiftmailer/lib/classes/Swift/Transport/StreamBuffer.php(58): Swift_Transport_StreamBuffer->establishSocketConnection()
#3 /home/x/x4power/erp.cit-llc.ru/public_html/application/vendor/swiftmailer/swiftmailer/lib/classes/Swift/Transport/AbstractSmtpTransport.php(143): Swift_Transport_StreamBuffer->initialize(Array)
#4 /home/x/x4power/erp.cit-llc.ru/public_html/application/vendor/swiftmailer/swiftmailer/lib/classes/Swift/Mailer.php(65): Swift_Transport_AbstractSmtpTransport->start()
#5 /home/x/x4power/erp.cit-llc.ru/public_html/application/vendor/laravel/framework/src/Illuminate/Mail/Mailer.php(521): Swift_Mailer->send(Object(Swift_Message), Array)
#6 /home/x/x4power/erp.cit-llc.ru/public_html/application/vendor/laravel/framework/src/Illuminate/Mail/Mailer.php(288): Illuminate\\Mail\\Mailer->sendSwiftMessage(Object(Swift_Message))
#7 /home/x/x4power/erp.cit-llc.ru/public_html/application/vendor/laravel/framework/src/Illuminate/Mail/Mailable.php(177): Illuminate\\Mail\\Mailer->send('pages.emails.te...', Array, Object(Closure))
#8 /home/x/x4power/erp.cit-llc.ru/public_html/application/vendor/laravel/framework/src/Illuminate/Support/Traits/Localizable.php(19): Illuminate\\Mail\\Mailable->Illuminate\\Mail\\{closure}()
#9 /home/x/x4power/erp.cit-llc.ru/public_html/application/vendor/laravel/framework/src/Illuminate/Mail/Mailable.php(178): Illuminate\\Mail\\Mailable->withLocale(NULL, Object(Closure))
#10 /home/x/x4power/erp.cit-llc.ru/public_html/application/vendor/laravel/framework/src/Illuminate/Mail/Mailer.php(304): Illuminate\\Mail\\Mailable->send(Object(Illuminate\\Mail\\Mailer))
#11 /home/x/x4power/erp.cit-llc.ru/public_html/application/vendor/laravel/framework/src/Illuminate/Mail/Mailer.php(258): Illuminate\\Mail\\Mailer->sendMailable(Object(App\\Mail\\SendQueued))
#12 /home/x/x4power/erp.cit-llc.ru/public_html/application/vendor/laravel/framework/src/Illuminate/Mail/PendingMail.php(122): Illuminate\\Mail\\Mailer->send(Object(App\\Mail\\SendQueued))
#13 /home/x/x4power/erp.cit-llc.ru/public_html/application/app/Cronjobs/EmailCron.php(48): Illuminate\\Mail\\PendingMail->send(Object(App\\Mail\\SendQueued))
#14 [internal function]: App\\Cronjobs\\EmailCron->__invoke()
#15 /home/x/x4power/erp.cit-llc.ru/public_html/application/vendor/laravel/framework/src/Illuminate/Container/BoundMethod.php(37): call_user_func_array(Array, Array)
#16 /home/x/x4power/erp.cit-llc.ru/public_html/application/vendor/laravel/framework/src/Illuminate/Container/Util.php(37): Illuminate\\Container\\BoundMethod::Illuminate\\Container\\{closure}()
#17 /home/x/x4power/erp.cit-llc.ru/public_html/application/vendor/laravel/framework/src/Illuminate/Container/BoundMethod.php(95): Illuminate\\Container\\Util::unwrapIfClosure(Object(Closure))
#18 /home/x/x4power/erp.cit-llc.ru/public_html/application/vendor/laravel/framework/src/Illuminate/Container/BoundMethod.php(39): Illuminate\\Container\\BoundMethod::callBoundMethod(Object(Illuminate\\Foundation\\Application), Array, Object(Closure))
#19 /home/x/x4power/erp.cit-llc.ru/public_html/application/vendor/laravel/framework/src/Illuminate/Container/Container.php(596): Illuminate\\Container\\BoundMethod::call(Object(Illuminate\\Foundation\\Application), Array, Array, NULL)
#20 /home/x/x4power/erp.cit-llc.ru/public_html/application/vendor/laravel/framework/src/Illuminate/Console/Scheduling/CallbackEvent.php(77): Illuminate\\Container\\Container->call(Array, Array)
#21 /home/x/x4power/erp.cit-llc.ru/public_html/application/vendor/laravel/framework/src/Illuminate/Console/Scheduling/ScheduleRunCommand.php(143): Illuminate\\Console\\Scheduling\\CallbackEvent->run(Object(Illuminate\\Foundation\\Application))
#22 /home/x/x4power/erp.cit-llc.ru/public_html/application/vendor/laravel/framework/src/Illuminate/Console/Scheduling/ScheduleRunCommand.php(102): Illuminate\\Console\\Scheduling\\ScheduleRunCommand->runEvent(Object(Illuminate\\Console\\Scheduling\\CallbackEvent))
#23 [internal function]: Illuminate\\Console\\Scheduling\\ScheduleRunCommand->handle(Object(Illuminate\\Console\\Scheduling\\Schedule), Object(Illuminate\\Events\\Dispatcher), Object(App\\Exceptions\\Handler))
#24 /home/x/x4power/erp.cit-llc.ru/public_html/application/vendor/laravel/framework/src/Illuminate/Container/BoundMethod.php(37): call_user_func_array(Array, Array)
#25 /home/x/x4power/erp.cit-llc.ru/public_html/application/vendor/laravel/framework/src/Illuminate/Container/Util.php(37): Illuminate\\Container\\BoundMethod::Illuminate\\Container\\{closure}()
#26 /home/x/x4power/erp.cit-llc.ru/public_html/application/vendor/laravel/framework/src/Illuminate/Container/BoundMethod.php(95): Illuminate\\Container\\Util::unwrapIfClosure(Object(Closure))
#27 /home/x/x4power/erp.cit-llc.ru/public_html/application/vendor/laravel/framework/src/Illuminate/Container/BoundMethod.php(39): Illuminate\\Container\\BoundMethod::callBoundMethod(Object(Illuminate\\Foundation\\Application), Array, Object(Closure))
#28 /home/x/x4power/erp.cit-llc.ru/public_html/application/vendor/laravel/framework/src/Illuminate/Container/Container.php(596): Illuminate\\Container\\BoundMethod::call(Object(Illuminate\\Foundation\\Application), Array, Array, NULL)
#29 /home/x/x4power/erp.cit-llc.ru/public_html/application/vendor/laravel/framework/src/Illuminate/Console/Command.php(134): Illuminate\\Container\\Container->call(Array)
#30 /home/x/x4power/erp.cit-llc.ru/public_html/application/vendor/symfony/console/Command/Command.php(258): Illuminate\\Console\\Command->execute(Object(Symfony\\Component\\Console\\Input\\ArgvInput), Object(Illuminate\\Console\\OutputStyle))
#31 /home/x/x4power/erp.cit-llc.ru/public_html/application/vendor/laravel/framework/src/Illuminate/Console/Command.php(121): Symfony\\Component\\Console\\Command\\Command->run(Object(Symfony\\Component\\Console\\Input\\ArgvInput), Object(Illuminate\\Console\\OutputStyle))
#32 /home/x/x4power/erp.cit-llc.ru/public_html/application/vendor/symfony/console/Application.php(916): Illuminate\\Console\\Command->run(Object(Symfony\\Component\\Console\\Input\\ArgvInput), Object(Symfony\\Component\\Console\\Output\\ConsoleOutput))
#33 /home/x/x4power/erp.cit-llc.ru/public_html/application/vendor/symfony/console/Application.php(264): Symfony\\Component\\Console\\Application->doRunCommand(Object(Illuminate\\Console\\Scheduling\\ScheduleRunCommand), Object(Symfony\\Component\\Console\\Input\\ArgvInput), Object(Symfony\\Component\\Console\\Output\\ConsoleOutput))
#34 /home/x/x4power/erp.cit-llc.ru/public_html/application/vendor/symfony/console/Application.php(140): Symfony\\Component\\Console\\Application->doRun(Object(Symfony\\Component\\Console\\Input\\ArgvInput), Object(Symfony\\Component\\Console\\Output\\ConsoleOutput))
#35 /home/x/x4power/erp.cit-llc.ru/public_html/application/vendor/laravel/framework/src/Illuminate/Console/Application.php(93): Symfony\\Component\\Console\\Application->run(Object(Symfony\\Component\\Console\\Input\\ArgvInput), Object(Symfony\\Component\\Console\\Output\\ConsoleOutput))
#36 /home/x/x4power/erp.cit-llc.ru/public_html/application/vendor/laravel/framework/src/Illuminate/Foundation/Console/Kernel.php(129): Illuminate\\Console\\Application->run(Object(Symfony\\Component\\Console\\Input\\ArgvInput), Object(Symfony\\Component\\Console\\Output\\ConsoleOutput))
#37 /home/x/x4power/erp.cit-llc.ru/public_html/application/artisan(37): Illuminate\\Foundation\\Console\\Kernel->handle(Object(Symfony\\Component\\Console\\Input\\ArgvInput), Object(Symfony\\Component\\Console\\Output\\ConsoleOutput))
#38 {main}
"} 
[2021-07-22 16:29:41] production.ERROR: Connection could not be established with host  :stream_socket_client(): php_network_getaddresses: getaddrinfo failed: Name or service not known {"exception":"[object] (Swift_TransportException(code: 0): Connection could not be established with host  :stream_socket_client(): php_network_getaddresses: getaddrinfo failed: Name or service not known at /home/x/x4power/erp.cit-llc.ru/public_html/application/vendor/swiftmailer/swiftmailer/lib/classes/Swift/Transport/StreamBuffer.php:269)
[stacktrace]
#0 [internal function]: Swift_Transport_StreamBuffer->{closure}(2, 'stream_socket_c...', '/home/x/x4power...', 272, Array)
#1 /home/x/x4power/erp.cit-llc.ru/public_html/application/vendor/swiftmailer/swiftmailer/lib/classes/Swift/Transport/StreamBuffer.php(272): stream_socket_client('tcp://:0', 0, 'php_network_get...', 30, 4, Resource id #872)
#2 /home/x/x4power/erp.cit-llc.ru/public_html/application/vendor/swiftmailer/swiftmailer/lib/classes/Swift/Transport/StreamBuffer.php(58): Swift_Transport_StreamBuffer->establishSocketConnection()
#3 /home/x/x4power/erp.cit-llc.ru/public_html/application/vendor/swiftmailer/swiftmailer/lib/classes/Swift/Transport/AbstractSmtpTransport.php(143): Swift_Transport_StreamBuffer->initialize(Array)
#4 /home/x/x4power/erp.cit-llc.ru/public_html/application/vendor/swiftmailer/swiftmailer/lib/classes/Swift/Mailer.php(65): Swift_Transport_AbstractSmtpTransport->start()
#5 /home/x/x4power/erp.cit-llc.ru/public_html/application/vendor/laravel/framework/src/Illuminate/Mail/Mailer.php(521): Swift_Mailer->send(Object(Swift_Message), Array)
#6 /home/x/x4power/erp.cit-llc.ru/public_html/application/vendor/laravel/framework/src/Illuminate/Mail/Mailer.php(288): Illuminate\\Mail\\Mailer->sendSwiftMessage(Object(Swift_Message))
#7 /home/x/x4power/erp.cit-llc.ru/public_html/application/vendor/laravel/framework/src/Illuminate/Mail/Mailable.php(177): Illuminate\\Mail\\Mailer->send('pages.emails.te...', Array, Object(Closure))
#8 /home/x/x4power/erp.cit-llc.ru/public_html/application/vendor/laravel/framework/src/Illuminate/Support/Traits/Localizable.php(19): Illuminate\\Mail\\Mailable->Illuminate\\Mail\\{closure}()
#9 /home/x/x4power/erp.cit-llc.ru/public_html/application/vendor/laravel/framework/src/Illuminate/Mail/Mailable.php(178): Illuminate\\Mail\\Mailable->withLocale(NULL, Object(Closure))
#10 /home/x/x4power/erp.cit-llc.ru/public_html/application/vendor/laravel/framework/src/Illuminate/Mail/Mailer.php(304): Illuminate\\Mail\\Mailable->send(Object(Illuminate\\Mail\\Mailer))
#11 /home/x/x4power/erp.cit-llc.ru/public_html/application/vendor/laravel/framework/src/Illuminate/Mail/Mailer.php(258): Illuminate\\Mail\\Mailer->sendMailable(Object(App\\Mail\\SendQueued))
#12 /home/x/x4power/erp.cit-llc.ru/public_html/application/vendor/laravel/framework/src/Illuminate/Mail/PendingMail.php(122): Illuminate\\Mail\\Mailer->send(Object(App\\Mail\\SendQueued))
#13 /home/x/x4power/erp.cit-llc.ru/public_html/application/app/Cronjobs/EmailCron.php(48): Illuminate\\Mail\\PendingMail->send(Object(App\\Mail\\SendQueued))
#14 [internal function]: App\\Cronjobs\\EmailCron->__invoke()
#15 /home/x/x4power/erp.cit-llc.ru/public_html/application/vendor/laravel/framework/src/Illuminate/Container/BoundMethod.php(37): call_user_func_array(Array, Array)
#16 /home/x/x4power/erp.cit-llc.ru/public_html/application/vendor/laravel/framework/src/Illuminate/Container/Util.php(37): Illuminate\\Container\\BoundMethod::Illuminate\\Container\\{closure}()
#17 /home/x/x4power/erp.cit-llc.ru/public_html/application/vendor/laravel/framework/src/Illuminate/Container/BoundMethod.php(95): Illuminate\\Container\\Util::unwrapIfClosure(Object(Closure))
#18 /home/x/x4power/erp.cit-llc.ru/public_html/application/vendor/laravel/framework/src/Illuminate/Container/BoundMethod.php(39): Illuminate\\Container\\BoundMethod::callBoundMethod(Object(Illuminate\\Foundation\\Application), Array, Object(Closure))
#19 /home/x/x4power/erp.cit-llc.ru/public_html/application/vendor/laravel/framework/src/Illuminate/Container/Container.php(596): Illuminate\\Container\\BoundMethod::call(Object(Illuminate\\Foundation\\Application), Array, Array, NULL)
#20 /home/x/x4power/erp.cit-llc.ru/public_html/application/vendor/laravel/framework/src/Illuminate/Console/Scheduling/CallbackEvent.php(77): Illuminate\\Container\\Container->call(Array, Array)
#21 /home/x/x4power/erp.cit-llc.ru/public_html/application/vendor/laravel/framework/src/Illuminate/Console/Scheduling/ScheduleRunCommand.php(143): Illuminate\\Console\\Scheduling\\CallbackEvent->run(Object(Illuminate\\Foundation\\Application))
#22 /home/x/x4power/erp.cit-llc.ru/public_html/application/vendor/laravel/framework/src/Illuminate/Console/Scheduling/ScheduleRunCommand.php(102): Illuminate\\Console\\Scheduling\\ScheduleRunCommand->runEvent(Object(Illuminate\\Console\\Scheduling\\CallbackEvent))
#23 [internal function]: Illuminate\\Console\\Scheduling\\ScheduleRunCommand->handle(Object(Illuminate\\Console\\Scheduling\\Schedule), Object(Illuminate\\Events\\Dispatcher), Object(App\\Exceptions\\Handler))
#24 /home/x/x4power/erp.cit-llc.ru/public_html/application/vendor/laravel/framework/src/Illuminate/Container/BoundMethod.php(37): call_user_func_array(Array, Array)
#25 /home/x/x4power/erp.cit-llc.ru/public_html/application/vendor/laravel/framework/src/Illuminate/Container/Util.php(37): Illuminate\\Container\\BoundMethod::Illuminate\\Container\\{closure}()
#26 /home/x/x4power/erp.cit-llc.ru/public_html/application/vendor/laravel/framework/src/Illuminate/Container/BoundMethod.php(95): Illuminate\\Container\\Util::unwrapIfClosure(Object(Closure))
#27 /home/x/x4power/erp.cit-llc.ru/public_html/application/vendor/laravel/framework/src/Illuminate/Container/BoundMethod.php(39): Illuminate\\Container\\BoundMethod::callBoundMethod(Object(Illuminate\\Foundation\\Application), Array, Object(Closure))
#28 /home/x/x4power/erp.cit-llc.ru/public_html/application/vendor/laravel/framework/src/Illuminate/Container/Container.php(596): Illuminate\\Container\\BoundMethod::call(Object(Illuminate\\Foundation\\Application), Array, Array, NULL)
#29 /home/x/x4power/erp.cit-llc.ru/public_html/application/vendor/laravel/framework/src/Illuminate/Console/Command.php(134): Illuminate\\Container\\Container->call(Array)
#30 /home/x/x4power/erp.cit-llc.ru/public_html/application/vendor/symfony/console/Command/Command.php(258): Illuminate\\Console\\Command->execute(Object(Symfony\\Component\\Console\\Input\\ArgvInput), Object(Illuminate\\Console\\OutputStyle))
#31 /home/x/x4power/erp.cit-llc.ru/public_html/application/vendor/laravel/framework/src/Illuminate/Console/Command.php(121): Symfony\\Component\\Console\\Command\\Command->run(Object(Symfony\\Component\\Console\\Input\\ArgvInput), Object(Illuminate\\Console\\OutputStyle))
#32 /home/x/x4power/erp.cit-llc.ru/public_html/application/vendor/symfony/console/Application.php(916): Illuminate\\Console\\Command->run(Object(Symfony\\Component\\Console\\Input\\ArgvInput), Object(Symfony\\Component\\Console\\Output\\ConsoleOutput))
#33 /home/x/x4power/erp.cit-llc.ru/public_html/application/vendor/symfony/console/Application.php(264): Symfony\\Component\\Console\\Application->doRunCommand(Object(Illuminate\\Console\\Scheduling\\ScheduleRunCommand), Object(Symfony\\Component\\Console\\Input\\ArgvInput), Object(Symfony\\Component\\Console\\Output\\ConsoleOutput))
#34 /home/x/x4power/erp.cit-llc.ru/public_html/application/vendor/symfony/console/Application.php(140): Symfony\\Component\\Console\\Application->doRun(Object(Symfony\\Component\\Console\\Input\\ArgvInput), Object(Symfony\\Component\\Console\\Output\\ConsoleOutput))
#35 /home/x/x4power/erp.cit-llc.ru/public_html/application/vendor/laravel/framework/src/Illuminate/Console/Application.php(93): Symfony\\Component\\Console\\Application->run(Object(Symfony\\Component\\Console\\Input\\ArgvInput), Object(Symfony\\Component\\Console\\Output\\ConsoleOutput))
#36 /home/x/x4power/erp.cit-llc.ru/public_html/application/vendor/laravel/framework/src/Illuminate/Foundation/Console/Kernel.php(129): Illuminate\\Console\\Application->run(Object(Symfony\\Component\\Console\\Input\\ArgvInput), Object(Symfony\\Component\\Console\\Output\\ConsoleOutput))
#37 /home/x/x4power/erp.cit-llc.ru/public_html/application/artisan(37): Illuminate\\Foundation\\Console\\Kernel->handle(Object(Symfony\\Component\\Console\\Input\\ArgvInput), Object(Symfony\\Component\\Console\\Output\\ConsoleOutput))
#38 {main}
"} 
[2021-07-22 16:30:53] production.ERROR: Connection could not be established with host  :stream_socket_client(): php_network_getaddresses: getaddrinfo failed: Name or service not known {"exception":"[object] (Swift_TransportException(code: 0): Connection could not be established with host  :stream_socket_client(): php_network_getaddresses: getaddrinfo failed: Name or service not known at /home/x/x4power/erp.cit-llc.ru/public_html/application/vendor/swiftmailer/swiftmailer/lib/classes/Swift/Transport/StreamBuffer.php:269)
[stacktrace]
#0 [internal function]: Swift_Transport_StreamBuffer->{closure}(2, 'stream_socket_c...', '/home/x/x4power...', 272, Array)
#1 /home/x/x4power/erp.cit-llc.ru/public_html/application/vendor/swiftmailer/swiftmailer/lib/classes/Swift/Transport/StreamBuffer.php(272): stream_socket_client('tcp://:0', 0, 'php_network_get...', 30, 4, Resource id #872)
#2 /home/x/x4power/erp.cit-llc.ru/public_html/application/vendor/swiftmailer/swiftmailer/lib/classes/Swift/Transport/StreamBuffer.php(58): Swift_Transport_StreamBuffer->establishSocketConnection()
#3 /home/x/x4power/erp.cit-llc.ru/public_html/application/vendor/swiftmailer/swiftmailer/lib/classes/Swift/Transport/AbstractSmtpTransport.php(143): Swift_Transport_StreamBuffer->initialize(Array)
#4 /home/x/x4power/erp.cit-llc.ru/public_html/application/vendor/swiftmailer/swiftmailer/lib/classes/Swift/Mailer.php(65): Swift_Transport_AbstractSmtpTransport->start()
#5 /home/x/x4power/erp.cit-llc.ru/public_html/application/vendor/laravel/framework/src/Illuminate/Mail/Mailer.php(521): Swift_Mailer->send(Object(Swift_Message), Array)
#6 /home/x/x4power/erp.cit-llc.ru/public_html/application/vendor/laravel/framework/src/Illuminate/Mail/Mailer.php(288): Illuminate\\Mail\\Mailer->sendSwiftMessage(Object(Swift_Message))
#7 /home/x/x4power/erp.cit-llc.ru/public_html/application/vendor/laravel/framework/src/Illuminate/Mail/Mailable.php(177): Illuminate\\Mail\\Mailer->send('pages.emails.te...', Array, Object(Closure))
#8 /home/x/x4power/erp.cit-llc.ru/public_html/application/vendor/laravel/framework/src/Illuminate/Support/Traits/Localizable.php(19): Illuminate\\Mail\\Mailable->Illuminate\\Mail\\{closure}()
#9 /home/x/x4power/erp.cit-llc.ru/public_html/application/vendor/laravel/framework/src/Illuminate/Mail/Mailable.php(178): Illuminate\\Mail\\Mailable->withLocale(NULL, Object(Closure))
#10 /home/x/x4power/erp.cit-llc.ru/public_html/application/vendor/laravel/framework/src/Illuminate/Mail/Mailer.php(304): Illuminate\\Mail\\Mailable->send(Object(Illuminate\\Mail\\Mailer))
#11 /home/x/x4power/erp.cit-llc.ru/public_html/application/vendor/laravel/framework/src/Illuminate/Mail/Mailer.php(258): Illuminate\\Mail\\Mailer->sendMailable(Object(App\\Mail\\SendQueued))
#12 /home/x/x4power/erp.cit-llc.ru/public_html/application/vendor/laravel/framework/src/Illuminate/Mail/PendingMail.php(122): Illuminate\\Mail\\Mailer->send(Object(App\\Mail\\SendQueued))
#13 /home/x/x4power/erp.cit-llc.ru/public_html/application/app/Cronjobs/EmailCron.php(48): Illuminate\\Mail\\PendingMail->send(Object(App\\Mail\\SendQueued))
#14 [internal function]: App\\Cronjobs\\EmailCron->__invoke()
#15 /home/x/x4power/erp.cit-llc.ru/public_html/application/vendor/laravel/framework/src/Illuminate/Container/BoundMethod.php(37): call_user_func_array(Array, Array)
#16 /home/x/x4power/erp.cit-llc.ru/public_html/application/vendor/laravel/framework/src/Illuminate/Container/Util.php(37): Illuminate\\Container\\BoundMethod::Illuminate\\Container\\{closure}()
#17 /home/x/x4power/erp.cit-llc.ru/public_html/application/vendor/laravel/framework/src/Illuminate/Container/BoundMethod.php(95): Illuminate\\Container\\Util::unwrapIfClosure(Object(Closure))
#18 /home/x/x4power/erp.cit-llc.ru/public_html/application/vendor/laravel/framework/src/Illuminate/Container/BoundMethod.php(39): Illuminate\\Container\\BoundMethod::callBoundMethod(Object(Illuminate\\Foundation\\Application), Array, Object(Closure))
#19 /home/x/x4power/erp.cit-llc.ru/public_html/application/vendor/laravel/framework/src/Illuminate/Container/Container.php(596): Illuminate\\Container\\BoundMethod::call(Object(Illuminate\\Foundation\\Application), Array, Array, NULL)
#20 /home/x/x4power/erp.cit-llc.ru/public_html/application/vendor/laravel/framework/src/Illuminate/Console/Scheduling/CallbackEvent.php(77): Illuminate\\Container\\Container->call(Array, Array)
#21 /home/x/x4power/erp.cit-llc.ru/public_html/application/vendor/laravel/framework/src/Illuminate/Console/Scheduling/ScheduleRunCommand.php(143): Illuminate\\Console\\Scheduling\\CallbackEvent->run(Object(Illuminate\\Foundation\\Application))
#22 /home/x/x4power/erp.cit-llc.ru/public_html/application/vendor/laravel/framework/src/Illuminate/Console/Scheduling/ScheduleRunCommand.php(102): Illuminate\\Console\\Scheduling\\ScheduleRunCommand->runEvent(Object(Illuminate\\Console\\Scheduling\\CallbackEvent))
#23 [internal function]: Illuminate\\Console\\Scheduling\\ScheduleRunCommand->handle(Object(Illuminate\\Console\\Scheduling\\Schedule), Object(Illuminate\\Events\\Dispatcher), Object(App\\Exceptions\\Handler))
#24 /home/x/x4power/erp.cit-llc.ru/public_html/application/vendor/laravel/framework/src/Illuminate/Container/BoundMethod.php(37): call_user_func_array(Array, Array)
#25 /home/x/x4power/erp.cit-llc.ru/public_html/application/vendor/laravel/framework/src/Illuminate/Container/Util.php(37): Illuminate\\Container\\BoundMethod::Illuminate\\Container\\{closure}()
#26 /home/x/x4power/erp.cit-llc.ru/public_html/application/vendor/laravel/framework/src/Illuminate/Container/BoundMethod.php(95): Illuminate\\Container\\Util::unwrapIfClosure(Object(Closure))
#27 /home/x/x4power/erp.cit-llc.ru/public_html/application/vendor/laravel/framework/src/Illuminate/Container/BoundMethod.php(39): Illuminate\\Container\\BoundMethod::callBoundMethod(Object(Illuminate\\Foundation\\Application), Array, Object(Closure))
#28 /home/x/x4power/erp.cit-llc.ru/public_html/application/vendor/laravel/framework/src/Illuminate/Container/Container.php(596): Illuminate\\Container\\BoundMethod::call(Object(Illuminate\\Foundation\\Application), Array, Array, NULL)
#29 /home/x/x4power/erp.cit-llc.ru/public_html/application/vendor/laravel/framework/src/Illuminate/Console/Command.php(134): Illuminate\\Container\\Container->call(Array)
#30 /home/x/x4power/erp.cit-llc.ru/public_html/application/vendor/symfony/console/Command/Command.php(258): Illuminate\\Console\\Command->execute(Object(Symfony\\Component\\Console\\Input\\ArgvInput), Object(Illuminate\\Console\\OutputStyle))
#31 /home/x/x4power/erp.cit-llc.ru/public_html/application/vendor/laravel/framework/src/Illuminate/Console/Command.php(121): Symfony\\Component\\Console\\Command\\Command->run(Object(Symfony\\Component\\Console\\Input\\ArgvInput), Object(Illuminate\\Console\\OutputStyle))
#32 /home/x/x4power/erp.cit-llc.ru/public_html/application/vendor/symfony/console/Application.php(916): Illuminate\\Console\\Command->run(Object(Symfony\\Component\\Console\\Input\\ArgvInput), Object(Symfony\\Component\\Console\\Output\\ConsoleOutput))
#33 /home/x/x4power/erp.cit-llc.ru/public_html/application/vendor/symfony/console/Application.php(264): Symfony\\Component\\Console\\Application->doRunCommand(Object(Illuminate\\Console\\Scheduling\\ScheduleRunCommand), Object(Symfony\\Component\\Console\\Input\\ArgvInput), Object(Symfony\\Component\\Console\\Output\\ConsoleOutput))
#34 /home/x/x4power/erp.cit-llc.ru/public_html/application/vendor/symfony/console/Application.php(140): Symfony\\Component\\Console\\Application->doRun(Object(Symfony\\Component\\Console\\Input\\ArgvInput), Object(Symfony\\Component\\Console\\Output\\ConsoleOutput))
#35 /home/x/x4power/erp.cit-llc.ru/public_html/application/vendor/laravel/framework/src/Illuminate/Console/Application.php(93): Symfony\\Component\\Console\\Application->run(Object(Symfony\\Component\\Console\\Input\\ArgvInput), Object(Symfony\\Component\\Console\\Output\\ConsoleOutput))
#36 /home/x/x4power/erp.cit-llc.ru/public_html/application/vendor/laravel/framework/src/Illuminate/Foundation/Console/Kernel.php(129): Illuminate\\Console\\Application->run(Object(Symfony\\Component\\Console\\Input\\ArgvInput), Object(Symfony\\Component\\Console\\Output\\ConsoleOutput))
#37 /home/x/x4power/erp.cit-llc.ru/public_html/application/artisan(37): Illuminate\\Foundation\\Console\\Kernel->handle(Object(Symfony\\Component\\Console\\Input\\ArgvInput), Object(Symfony\\Component\\Console\\Output\\ConsoleOutput))
#38 {main}
"} 
[2021-07-22 16:34:33] production.ERROR: Connection could not be established with host smtp.beget.com :stream_socket_client(): unable to connect to tcp://smtp.beget.com:0 (Connection refused) {"exception":"[object] (Swift_TransportException(code: 0): Connection could not be established with host smtp.beget.com :stream_socket_client(): unable to connect to tcp://smtp.beget.com:0 (Connection refused) at /home/x/x4power/erp.cit-llc.ru/public_html/application/vendor/swiftmailer/swiftmailer/lib/classes/Swift/Transport/StreamBuffer.php:269)
[stacktrace]
#0 [internal function]: Swift_Transport_StreamBuffer->{closure}(2, 'stream_socket_c...', '/home/x/x4power...', 272, Array)
#1 /home/x/x4power/erp.cit-llc.ru/public_html/application/vendor/swiftmailer/swiftmailer/lib/classes/Swift/Transport/StreamBuffer.php(272): stream_socket_client('tcp://smtp.bege...', 111, 'Connection refu...', 30, 4, Resource id #872)
#2 /home/x/x4power/erp.cit-llc.ru/public_html/application/vendor/swiftmailer/swiftmailer/lib/classes/Swift/Transport/StreamBuffer.php(58): Swift_Transport_StreamBuffer->establishSocketConnection()
#3 /home/x/x4power/erp.cit-llc.ru/public_html/application/vendor/swiftmailer/swiftmailer/lib/classes/Swift/Transport/AbstractSmtpTransport.php(143): Swift_Transport_StreamBuffer->initialize(Array)
#4 /home/x/x4power/erp.cit-llc.ru/public_html/application/vendor/swiftmailer/swiftmailer/lib/classes/Swift/Mailer.php(65): Swift_Transport_AbstractSmtpTransport->start()
#5 /home/x/x4power/erp.cit-llc.ru/public_html/application/vendor/laravel/framework/src/Illuminate/Mail/Mailer.php(521): Swift_Mailer->send(Object(Swift_Message), Array)
#6 /home/x/x4power/erp.cit-llc.ru/public_html/application/vendor/laravel/framework/src/Illuminate/Mail/Mailer.php(288): Illuminate\\Mail\\Mailer->sendSwiftMessage(Object(Swift_Message))
#7 /home/x/x4power/erp.cit-llc.ru/public_html/application/vendor/laravel/framework/src/Illuminate/Mail/Mailable.php(177): Illuminate\\Mail\\Mailer->send('pages.emails.te...', Array, Object(Closure))
#8 /home/x/x4power/erp.cit-llc.ru/public_html/application/vendor/laravel/framework/src/Illuminate/Support/Traits/Localizable.php(19): Illuminate\\Mail\\Mailable->Illuminate\\Mail\\{closure}()
#9 /home/x/x4power/erp.cit-llc.ru/public_html/application/vendor/laravel/framework/src/Illuminate/Mail/Mailable.php(178): Illuminate\\Mail\\Mailable->withLocale(NULL, Object(Closure))
#10 /home/x/x4power/erp.cit-llc.ru/public_html/application/vendor/laravel/framework/src/Illuminate/Mail/Mailer.php(304): Illuminate\\Mail\\Mailable->send(Object(Illuminate\\Mail\\Mailer))
#11 /home/x/x4power/erp.cit-llc.ru/public_html/application/vendor/laravel/framework/src/Illuminate/Mail/Mailer.php(258): Illuminate\\Mail\\Mailer->sendMailable(Object(App\\Mail\\SendQueued))
#12 /home/x/x4power/erp.cit-llc.ru/public_html/application/vendor/laravel/framework/src/Illuminate/Mail/PendingMail.php(122): Illuminate\\Mail\\Mailer->send(Object(App\\Mail\\SendQueued))
#13 /home/x/x4power/erp.cit-llc.ru/public_html/application/app/Cronjobs/EmailCron.php(48): Illuminate\\Mail\\PendingMail->send(Object(App\\Mail\\SendQueued))
#14 [internal function]: App\\Cronjobs\\EmailCron->__invoke()
#15 /home/x/x4power/erp.cit-llc.ru/public_html/application/vendor/laravel/framework/src/Illuminate/Container/BoundMethod.php(37): call_user_func_array(Array, Array)
#16 /home/x/x4power/erp.cit-llc.ru/public_html/application/vendor/laravel/framework/src/Illuminate/Container/Util.php(37): Illuminate\\Container\\BoundMethod::Illuminate\\Container\\{closure}()
#17 /home/x/x4power/erp.cit-llc.ru/public_html/application/vendor/laravel/framework/src/Illuminate/Container/BoundMethod.php(95): Illuminate\\Container\\Util::unwrapIfClosure(Object(Closure))
#18 /home/x/x4power/erp.cit-llc.ru/public_html/application/vendor/laravel/framework/src/Illuminate/Container/BoundMethod.php(39): Illuminate\\Container\\BoundMethod::callBoundMethod(Object(Illuminate\\Foundation\\Application), Array, Object(Closure))
#19 /home/x/x4power/erp.cit-llc.ru/public_html/application/vendor/laravel/framework/src/Illuminate/Container/Container.php(596): Illuminate\\Container\\BoundMethod::call(Object(Illuminate\\Foundation\\Application), Array, Array, NULL)
#20 /home/x/x4power/erp.cit-llc.ru/public_html/application/vendor/laravel/framework/src/Illuminate/Console/Scheduling/CallbackEvent.php(77): Illuminate\\Container\\Container->call(Array, Array)
#21 /home/x/x4power/erp.cit-llc.ru/public_html/application/vendor/laravel/framework/src/Illuminate/Console/Scheduling/ScheduleRunCommand.php(143): Illuminate\\Console\\Scheduling\\CallbackEvent->run(Object(Illuminate\\Foundation\\Application))
#22 /home/x/x4power/erp.cit-llc.ru/public_html/application/vendor/laravel/framework/src/Illuminate/Console/Scheduling/ScheduleRunCommand.php(102): Illuminate\\Console\\Scheduling\\ScheduleRunCommand->runEvent(Object(Illuminate\\Console\\Scheduling\\CallbackEvent))
#23 [internal function]: Illuminate\\Console\\Scheduling\\ScheduleRunCommand->handle(Object(Illuminate\\Console\\Scheduling\\Schedule), Object(Illuminate\\Events\\Dispatcher), Object(App\\Exceptions\\Handler))
#24 /home/x/x4power/erp.cit-llc.ru/public_html/application/vendor/laravel/framework/src/Illuminate/Container/BoundMethod.php(37): call_user_func_array(Array, Array)
#25 /home/x/x4power/erp.cit-llc.ru/public_html/application/vendor/laravel/framework/src/Illuminate/Container/Util.php(37): Illuminate\\Container\\BoundMethod::Illuminate\\Container\\{closure}()
#26 /home/x/x4power/erp.cit-llc.ru/public_html/application/vendor/laravel/framework/src/Illuminate/Container/BoundMethod.php(95): Illuminate\\Container\\Util::unwrapIfClosure(Object(Closure))
#27 /home/x/x4power/erp.cit-llc.ru/public_html/application/vendor/laravel/framework/src/Illuminate/Container/BoundMethod.php(39): Illuminate\\Container\\BoundMethod::callBoundMethod(Object(Illuminate\\Foundation\\Application), Array, Object(Closure))
#28 /home/x/x4power/erp.cit-llc.ru/public_html/application/vendor/laravel/framework/src/Illuminate/Container/Container.php(596): Illuminate\\Container\\BoundMethod::call(Object(Illuminate\\Foundation\\Application), Array, Array, NULL)
#29 /home/x/x4power/erp.cit-llc.ru/public_html/application/vendor/laravel/framework/src/Illuminate/Console/Command.php(134): Illuminate\\Container\\Container->call(Array)
#30 /home/x/x4power/erp.cit-llc.ru/public_html/application/vendor/symfony/console/Command/Command.php(258): Illuminate\\Console\\Command->execute(Object(Symfony\\Component\\Console\\Input\\ArgvInput), Object(Illuminate\\Console\\OutputStyle))
#31 /home/x/x4power/erp.cit-llc.ru/public_html/application/vendor/laravel/framework/src/Illuminate/Console/Command.php(121): Symfony\\Component\\Console\\Command\\Command->run(Object(Symfony\\Component\\Console\\Input\\ArgvInput), Object(Illuminate\\Console\\OutputStyle))
#32 /home/x/x4power/erp.cit-llc.ru/public_html/application/vendor/symfony/console/Application.php(916): Illuminate\\Console\\Command->run(Object(Symfony\\Component\\Console\\Input\\ArgvInput), Object(Symfony\\Component\\Console\\Output\\ConsoleOutput))
#33 /home/x/x4power/erp.cit-llc.ru/public_html/application/vendor/symfony/console/Application.php(264): Symfony\\Component\\Console\\Application->doRunCommand(Object(Illuminate\\Console\\Scheduling\\ScheduleRunCommand), Object(Symfony\\Component\\Console\\Input\\ArgvInput), Object(Symfony\\Component\\Console\\Output\\ConsoleOutput))
#34 /home/x/x4power/erp.cit-llc.ru/public_html/application/vendor/symfony/console/Application.php(140): Symfony\\Component\\Console\\Application->doRun(Object(Symfony\\Component\\Console\\Input\\ArgvInput), Object(Symfony\\Component\\Console\\Output\\ConsoleOutput))
#35 /home/x/x4power/erp.cit-llc.ru/public_html/application/vendor/laravel/framework/src/Illuminate/Console/Application.php(93): Symfony\\Component\\Console\\Application->run(Object(Symfony\\Component\\Console\\Input\\ArgvInput), Object(Symfony\\Component\\Console\\Output\\ConsoleOutput))
#36 /home/x/x4power/erp.cit-llc.ru/public_html/application/vendor/laravel/framework/src/Illuminate/Foundation/Console/Kernel.php(129): Illuminate\\Console\\Application->run(Object(Symfony\\Component\\Console\\Input\\ArgvInput), Object(Symfony\\Component\\Console\\Output\\ConsoleOutput))
#37 /home/x/x4power/erp.cit-llc.ru/public_html/application/artisan(37): Illuminate\\Foundation\\Console\\Kernel->handle(Object(Symfony\\Component\\Console\\Input\\ArgvInput), Object(Symfony\\Component\\Console\\Output\\ConsoleOutput))
#38 {main}
"} 
[2021-07-22 16:36:58] production.ERROR: Connection could not be established with host smtp.beget.com :stream_socket_client(): unable to connect to ssl://smtp.beget.com:0 (Connection refused) {"exception":"[object] (Swift_TransportException(code: 0): Connection could not be established with host smtp.beget.com :stream_socket_client(): unable to connect to ssl://smtp.beget.com:0 (Connection refused) at /home/x/x4power/erp.cit-llc.ru/public_html/application/vendor/swiftmailer/swiftmailer/lib/classes/Swift/Transport/StreamBuffer.php:269)
[stacktrace]
#0 [internal function]: Swift_Transport_StreamBuffer->{closure}(2, 'stream_socket_c...', '/home/x/x4power...', 272, Array)
#1 /home/x/x4power/erp.cit-llc.ru/public_html/application/vendor/swiftmailer/swiftmailer/lib/classes/Swift/Transport/StreamBuffer.php(272): stream_socket_client('ssl://smtp.bege...', 111, 'Connection refu...', 30, 4, Resource id #872)
#2 /home/x/x4power/erp.cit-llc.ru/public_html/application/vendor/swiftmailer/swiftmailer/lib/classes/Swift/Transport/StreamBuffer.php(58): Swift_Transport_StreamBuffer->establishSocketConnection()
#3 /home/x/x4power/erp.cit-llc.ru/public_html/application/vendor/swiftmailer/swiftmailer/lib/classes/Swift/Transport/AbstractSmtpTransport.php(143): Swift_Transport_StreamBuffer->initialize(Array)
#4 /home/x/x4power/erp.cit-llc.ru/public_html/application/vendor/swiftmailer/swiftmailer/lib/classes/Swift/Mailer.php(65): Swift_Transport_AbstractSmtpTransport->start()
#5 /home/x/x4power/erp.cit-llc.ru/public_html/application/vendor/laravel/framework/src/Illuminate/Mail/Mailer.php(521): Swift_Mailer->send(Object(Swift_Message), Array)
#6 /home/x/x4power/erp.cit-llc.ru/public_html/application/vendor/laravel/framework/src/Illuminate/Mail/Mailer.php(288): Illuminate\\Mail\\Mailer->sendSwiftMessage(Object(Swift_Message))
#7 /home/x/x4power/erp.cit-llc.ru/public_html/application/vendor/laravel/framework/src/Illuminate/Mail/Mailable.php(177): Illuminate\\Mail\\Mailer->send('pages.emails.te...', Array, Object(Closure))
#8 /home/x/x4power/erp.cit-llc.ru/public_html/application/vendor/laravel/framework/src/Illuminate/Support/Traits/Localizable.php(19): Illuminate\\Mail\\Mailable->Illuminate\\Mail\\{closure}()
#9 /home/x/x4power/erp.cit-llc.ru/public_html/application/vendor/laravel/framework/src/Illuminate/Mail/Mailable.php(178): Illuminate\\Mail\\Mailable->withLocale(NULL, Object(Closure))
#10 /home/x/x4power/erp.cit-llc.ru/public_html/application/vendor/laravel/framework/src/Illuminate/Mail/Mailer.php(304): Illuminate\\Mail\\Mailable->send(Object(Illuminate\\Mail\\Mailer))
#11 /home/x/x4power/erp.cit-llc.ru/public_html/application/vendor/laravel/framework/src/Illuminate/Mail/Mailer.php(258): Illuminate\\Mail\\Mailer->sendMailable(Object(App\\Mail\\SendQueued))
#12 /home/x/x4power/erp.cit-llc.ru/public_html/application/vendor/laravel/framework/src/Illuminate/Mail/PendingMail.php(122): Illuminate\\Mail\\Mailer->send(Object(App\\Mail\\SendQueued))
#13 /home/x/x4power/erp.cit-llc.ru/public_html/application/app/Cronjobs/EmailCron.php(48): Illuminate\\Mail\\PendingMail->send(Object(App\\Mail\\SendQueued))
#14 [internal function]: App\\Cronjobs\\EmailCron->__invoke()
#15 /home/x/x4power/erp.cit-llc.ru/public_html/application/vendor/laravel/framework/src/Illuminate/Container/BoundMethod.php(37): call_user_func_array(Array, Array)
#16 /home/x/x4power/erp.cit-llc.ru/public_html/application/vendor/laravel/framework/src/Illuminate/Container/Util.php(37): Illuminate\\Container\\BoundMethod::Illuminate\\Container\\{closure}()
#17 /home/x/x4power/erp.cit-llc.ru/public_html/application/vendor/laravel/framework/src/Illuminate/Container/BoundMethod.php(95): Illuminate\\Container\\Util::unwrapIfClosure(Object(Closure))
#18 /home/x/x4power/erp.cit-llc.ru/public_html/application/vendor/laravel/framework/src/Illuminate/Container/BoundMethod.php(39): Illuminate\\Container\\BoundMethod::callBoundMethod(Object(Illuminate\\Foundation\\Application), Array, Object(Closure))
#19 /home/x/x4power/erp.cit-llc.ru/public_html/application/vendor/laravel/framework/src/Illuminate/Container/Container.php(596): Illuminate\\Container\\BoundMethod::call(Object(Illuminate\\Foundation\\Application), Array, Array, NULL)
#20 /home/x/x4power/erp.cit-llc.ru/public_html/application/vendor/laravel/framework/src/Illuminate/Console/Scheduling/CallbackEvent.php(77): Illuminate\\Container\\Container->call(Array, Array)
#21 /home/x/x4power/erp.cit-llc.ru/public_html/application/vendor/laravel/framework/src/Illuminate/Console/Scheduling/ScheduleRunCommand.php(143): Illuminate\\Console\\Scheduling\\CallbackEvent->run(Object(Illuminate\\Foundation\\Application))
#22 /home/x/x4power/erp.cit-llc.ru/public_html/application/vendor/laravel/framework/src/Illuminate/Console/Scheduling/ScheduleRunCommand.php(102): Illuminate\\Console\\Scheduling\\ScheduleRunCommand->runEvent(Object(Illuminate\\Console\\Scheduling\\CallbackEvent))
#23 [internal function]: Illuminate\\Console\\Scheduling\\ScheduleRunCommand->handle(Object(Illuminate\\Console\\Scheduling\\Schedule), Object(Illuminate\\Events\\Dispatcher), Object(App\\Exceptions\\Handler))
#24 /home/x/x4power/erp.cit-llc.ru/public_html/application/vendor/laravel/framework/src/Illuminate/Container/BoundMethod.php(37): call_user_func_array(Array, Array)
#25 /home/x/x4power/erp.cit-llc.ru/public_html/application/vendor/laravel/framework/src/Illuminate/Container/Util.php(37): Illuminate\\Container\\BoundMethod::Illuminate\\Container\\{closure}()
#26 /home/x/x4power/erp.cit-llc.ru/public_html/application/vendor/laravel/framework/src/Illuminate/Container/BoundMethod.php(95): Illuminate\\Container\\Util::unwrapIfClosure(Object(Closure))
#27 /home/x/x4power/erp.cit-llc.ru/public_html/application/vendor/laravel/framework/src/Illuminate/Container/BoundMethod.php(39): Illuminate\\Container\\BoundMethod::callBoundMethod(Object(Illuminate\\Foundation\\Application), Array, Object(Closure))
#28 /home/x/x4power/erp.cit-llc.ru/public_html/application/vendor/laravel/framework/src/Illuminate/Container/Container.php(596): Illuminate\\Container\\BoundMethod::call(Object(Illuminate\\Foundation\\Application), Array, Array, NULL)
#29 /home/x/x4power/erp.cit-llc.ru/public_html/application/vendor/laravel/framework/src/Illuminate/Console/Command.php(134): Illuminate\\Container\\Container->call(Array)
#30 /home/x/x4power/erp.cit-llc.ru/public_html/application/vendor/symfony/console/Command/Command.php(258): Illuminate\\Console\\Command->execute(Object(Symfony\\Component\\Console\\Input\\ArgvInput), Object(Illuminate\\Console\\OutputStyle))
#31 /home/x/x4power/erp.cit-llc.ru/public_html/application/vendor/laravel/framework/src/Illuminate/Console/Command.php(121): Symfony\\Component\\Console\\Command\\Command->run(Object(Symfony\\Component\\Console\\Input\\ArgvInput), Object(Illuminate\\Console\\OutputStyle))
#32 /home/x/x4power/erp.cit-llc.ru/public_html/application/vendor/symfony/console/Application.php(916): Illuminate\\Console\\Command->run(Object(Symfony\\Component\\Console\\Input\\ArgvInput), Object(Symfony\\Component\\Console\\Output\\ConsoleOutput))
#33 /home/x/x4power/erp.cit-llc.ru/public_html/application/vendor/symfony/console/Application.php(264): Symfony\\Component\\Console\\Application->doRunCommand(Object(Illuminate\\Console\\Scheduling\\ScheduleRunCommand), Object(Symfony\\Component\\Console\\Input\\ArgvInput), Object(Symfony\\Component\\Console\\Output\\ConsoleOutput))
#34 /home/x/x4power/erp.cit-llc.ru/public_html/application/vendor/symfony/console/Application.php(140): Symfony\\Component\\Console\\Application->doRun(Object(Symfony\\Component\\Console\\Input\\ArgvInput), Object(Symfony\\Component\\Console\\Output\\ConsoleOutput))
#35 /home/x/x4power/erp.cit-llc.ru/public_html/application/vendor/laravel/framework/src/Illuminate/Console/Application.php(93): Symfony\\Component\\Console\\Application->run(Object(Symfony\\Component\\Console\\Input\\ArgvInput), Object(Symfony\\Component\\Console\\Output\\ConsoleOutput))
#36 /home/x/x4power/erp.cit-llc.ru/public_html/application/vendor/laravel/framework/src/Illuminate/Foundation/Console/Kernel.php(129): Illuminate\\Console\\Application->run(Object(Symfony\\Component\\Console\\Input\\ArgvInput), Object(Symfony\\Component\\Console\\Output\\ConsoleOutput))
#37 /home/x/x4power/erp.cit-llc.ru/public_html/application/artisan(37): Illuminate\\Foundation\\Console\\Kernel->handle(Object(Symfony\\Component\\Console\\Input\\ArgvInput), Object(Symfony\\Component\\Console\\Output\\ConsoleOutput))
#38 {main}
"} 
[2021-07-22 16:38:11] production.ERROR: Connection could not be established with host smtp.beget.com :stream_socket_client(): unable to connect to ssl://smtp.beget.com:0 (Connection refused) {"exception":"[object] (Swift_TransportException(code: 0): Connection could not be established with host smtp.beget.com :stream_socket_client(): unable to connect to ssl://smtp.beget.com:0 (Connection refused) at /home/x/x4power/erp.cit-llc.ru/public_html/application/vendor/swiftmailer/swiftmailer/lib/classes/Swift/Transport/StreamBuffer.php:269)
[stacktrace]
#0 [internal function]: Swift_Transport_StreamBuffer->{closure}(2, 'stream_socket_c...', '/home/x/x4power...', 272, Array)
#1 /home/x/x4power/erp.cit-llc.ru/public_html/application/vendor/swiftmailer/swiftmailer/lib/classes/Swift/Transport/StreamBuffer.php(272): stream_socket_client('ssl://smtp.bege...', 111, 'Connection refu...', 30, 4, Resource id #872)
#2 /home/x/x4power/erp.cit-llc.ru/public_html/application/vendor/swiftmailer/swiftmailer/lib/classes/Swift/Transport/StreamBuffer.php(58): Swift_Transport_StreamBuffer->establishSocketConnection()
#3 /home/x/x4power/erp.cit-llc.ru/public_html/application/vendor/swiftmailer/swiftmailer/lib/classes/Swift/Transport/AbstractSmtpTransport.php(143): Swift_Transport_StreamBuffer->initialize(Array)
#4 /home/x/x4power/erp.cit-llc.ru/public_html/application/vendor/swiftmailer/swiftmailer/lib/classes/Swift/Mailer.php(65): Swift_Transport_AbstractSmtpTransport->start()
#5 /home/x/x4power/erp.cit-llc.ru/public_html/application/vendor/laravel/framework/src/Illuminate/Mail/Mailer.php(521): Swift_Mailer->send(Object(Swift_Message), Array)
#6 /home/x/x4power/erp.cit-llc.ru/public_html/application/vendor/laravel/framework/src/Illuminate/Mail/Mailer.php(288): Illuminate\\Mail\\Mailer->sendSwiftMessage(Object(Swift_Message))
#7 /home/x/x4power/erp.cit-llc.ru/public_html/application/vendor/laravel/framework/src/Illuminate/Mail/Mailable.php(177): Illuminate\\Mail\\Mailer->send('pages.emails.te...', Array, Object(Closure))
#8 /home/x/x4power/erp.cit-llc.ru/public_html/application/vendor/laravel/framework/src/Illuminate/Support/Traits/Localizable.php(19): Illuminate\\Mail\\Mailable->Illuminate\\Mail\\{closure}()
#9 /home/x/x4power/erp.cit-llc.ru/public_html/application/vendor/laravel/framework/src/Illuminate/Mail/Mailable.php(178): Illuminate\\Mail\\Mailable->withLocale(NULL, Object(Closure))
#10 /home/x/x4power/erp.cit-llc.ru/public_html/application/vendor/laravel/framework/src/Illuminate/Mail/Mailer.php(304): Illuminate\\Mail\\Mailable->send(Object(Illuminate\\Mail\\Mailer))
#11 /home/x/x4power/erp.cit-llc.ru/public_html/application/vendor/laravel/framework/src/Illuminate/Mail/Mailer.php(258): Illuminate\\Mail\\Mailer->sendMailable(Object(App\\Mail\\SendQueued))
#12 /home/x/x4power/erp.cit-llc.ru/public_html/application/vendor/laravel/framework/src/Illuminate/Mail/PendingMail.php(122): Illuminate\\Mail\\Mailer->send(Object(App\\Mail\\SendQueued))
#13 /home/x/x4power/erp.cit-llc.ru/public_html/application/app/Cronjobs/EmailCron.php(48): Illuminate\\Mail\\PendingMail->send(Object(App\\Mail\\SendQueued))
#14 [internal function]: App\\Cronjobs\\EmailCron->__invoke()
#15 /home/x/x4power/erp.cit-llc.ru/public_html/application/vendor/laravel/framework/src/Illuminate/Container/BoundMethod.php(37): call_user_func_array(Array, Array)
#16 /home/x/x4power/erp.cit-llc.ru/public_html/application/vendor/laravel/framework/src/Illuminate/Container/Util.php(37): Illuminate\\Container\\BoundMethod::Illuminate\\Container\\{closure}()
#17 /home/x/x4power/erp.cit-llc.ru/public_html/application/vendor/laravel/framework/src/Illuminate/Container/BoundMethod.php(95): Illuminate\\Container\\Util::unwrapIfClosure(Object(Closure))
#18 /home/x/x4power/erp.cit-llc.ru/public_html/application/vendor/laravel/framework/src/Illuminate/Container/BoundMethod.php(39): Illuminate\\Container\\BoundMethod::callBoundMethod(Object(Illuminate\\Foundation\\Application), Array, Object(Closure))
#19 /home/x/x4power/erp.cit-llc.ru/public_html/application/vendor/laravel/framework/src/Illuminate/Container/Container.php(596): Illuminate\\Container\\BoundMethod::call(Object(Illuminate\\Foundation\\Application), Array, Array, NULL)
#20 /home/x/x4power/erp.cit-llc.ru/public_html/application/vendor/laravel/framework/src/Illuminate/Console/Scheduling/CallbackEvent.php(77): Illuminate\\Container\\Container->call(Array, Array)
#21 /home/x/x4power/erp.cit-llc.ru/public_html/application/vendor/laravel/framework/src/Illuminate/Console/Scheduling/ScheduleRunCommand.php(143): Illuminate\\Console\\Scheduling\\CallbackEvent->run(Object(Illuminate\\Foundation\\Application))
#22 /home/x/x4power/erp.cit-llc.ru/public_html/application/vendor/laravel/framework/src/Illuminate/Console/Scheduling/ScheduleRunCommand.php(102): Illuminate\\Console\\Scheduling\\ScheduleRunCommand->runEvent(Object(Illuminate\\Console\\Scheduling\\CallbackEvent))
#23 [internal function]: Illuminate\\Console\\Scheduling\\ScheduleRunCommand->handle(Object(Illuminate\\Console\\Scheduling\\Schedule), Object(Illuminate\\Events\\Dispatcher), Object(App\\Exceptions\\Handler))
#24 /home/x/x4power/erp.cit-llc.ru/public_html/application/vendor/laravel/framework/src/Illuminate/Container/BoundMethod.php(37): call_user_func_array(Array, Array)
#25 /home/x/x4power/erp.cit-llc.ru/public_html/application/vendor/laravel/framework/src/Illuminate/Container/Util.php(37): Illuminate\\Container\\BoundMethod::Illuminate\\Container\\{closure}()
#26 /home/x/x4power/erp.cit-llc.ru/public_html/application/vendor/laravel/framework/src/Illuminate/Container/BoundMethod.php(95): Illuminate\\Container\\Util::unwrapIfClosure(Object(Closure))
#27 /home/x/x4power/erp.cit-llc.ru/public_html/application/vendor/laravel/framework/src/Illuminate/Container/BoundMethod.php(39): Illuminate\\Container\\BoundMethod::callBoundMethod(Object(Illuminate\\Foundation\\Application), Array, Object(Closure))
#28 /home/x/x4power/erp.cit-llc.ru/public_html/application/vendor/laravel/framework/src/Illuminate/Container/Container.php(596): Illuminate\\Container\\BoundMethod::call(Object(Illuminate\\Foundation\\Application), Array, Array, NULL)
#29 /home/x/x4power/erp.cit-llc.ru/public_html/application/vendor/laravel/framework/src/Illuminate/Console/Command.php(134): Illuminate\\Container\\Container->call(Array)
#30 /home/x/x4power/erp.cit-llc.ru/public_html/application/vendor/symfony/console/Command/Command.php(258): Illuminate\\Console\\Command->execute(Object(Symfony\\Component\\Console\\Input\\ArgvInput), Object(Illuminate\\Console\\OutputStyle))
#31 /home/x/x4power/erp.cit-llc.ru/public_html/application/vendor/laravel/framework/src/Illuminate/Console/Command.php(121): Symfony\\Component\\Console\\Command\\Command->run(Object(Symfony\\Component\\Console\\Input\\ArgvInput), Object(Illuminate\\Console\\OutputStyle))
#32 /home/x/x4power/erp.cit-llc.ru/public_html/application/vendor/symfony/console/Application.php(916): Illuminate\\Console\\Command->run(Object(Symfony\\Component\\Console\\Input\\ArgvInput), Object(Symfony\\Component\\Console\\Output\\ConsoleOutput))
#33 /home/x/x4power/erp.cit-llc.ru/public_html/application/vendor/symfony/console/Application.php(264): Symfony\\Component\\Console\\Application->doRunCommand(Object(Illuminate\\Console\\Scheduling\\ScheduleRunCommand), Object(Symfony\\Component\\Console\\Input\\ArgvInput), Object(Symfony\\Component\\Console\\Output\\ConsoleOutput))
#34 /home/x/x4power/erp.cit-llc.ru/public_html/application/vendor/symfony/console/Application.php(140): Symfony\\Component\\Console\\Application->doRun(Object(Symfony\\Component\\Console\\Input\\ArgvInput), Object(Symfony\\Component\\Console\\Output\\ConsoleOutput))
#35 /home/x/x4power/erp.cit-llc.ru/public_html/application/vendor/laravel/framework/src/Illuminate/Console/Application.php(93): Symfony\\Component\\Console\\Application->run(Object(Symfony\\Component\\Console\\Input\\ArgvInput), Object(Symfony\\Component\\Console\\Output\\ConsoleOutput))
#36 /home/x/x4power/erp.cit-llc.ru/public_html/application/vendor/laravel/framework/src/Illuminate/Foundation/Console/Kernel.php(129): Illuminate\\Console\\Application->run(Object(Symfony\\Component\\Console\\Input\\ArgvInput), Object(Symfony\\Component\\Console\\Output\\ConsoleOutput))
#37 /home/x/x4power/erp.cit-llc.ru/public_html/application/artisan(37): Illuminate\\Foundation\\Console\\Kernel->handle(Object(Symfony\\Component\\Console\\Input\\ArgvInput), Object(Symfony\\Component\\Console\\Output\\ConsoleOutput))
#38 {main}
"} 
[2021-07-22 16:40:38] production.ERROR: Connection could not be established with host smtp.beget.com :stream_socket_client(): unable to connect to ssl://smtp.beget.com:0 (Connection refused) {"exception":"[object] (Swift_TransportException(code: 0): Connection could not be established with host smtp.beget.com :stream_socket_client(): unable to connect to ssl://smtp.beget.com:0 (Connection refused) at /home/x/x4power/erp.cit-llc.ru/public_html/application/vendor/swiftmailer/swiftmailer/lib/classes/Swift/Transport/StreamBuffer.php:269)
[stacktrace]
#0 [internal function]: Swift_Transport_StreamBuffer->{closure}(2, 'stream_socket_c...', '/home/x/x4power...', 272, Array)
#1 /home/x/x4power/erp.cit-llc.ru/public_html/application/vendor/swiftmailer/swiftmailer/lib/classes/Swift/Transport/StreamBuffer.php(272): stream_socket_client('ssl://smtp.bege...', 111, 'Connection refu...', 30, 4, Resource id #872)
#2 /home/x/x4power/erp.cit-llc.ru/public_html/application/vendor/swiftmailer/swiftmailer/lib/classes/Swift/Transport/StreamBuffer.php(58): Swift_Transport_StreamBuffer->establishSocketConnection()
#3 /home/x/x4power/erp.cit-llc.ru/public_html/application/vendor/swiftmailer/swiftmailer/lib/classes/Swift/Transport/AbstractSmtpTransport.php(143): Swift_Transport_StreamBuffer->initialize(Array)
#4 /home/x/x4power/erp.cit-llc.ru/public_html/application/vendor/swiftmailer/swiftmailer/lib/classes/Swift/Mailer.php(65): Swift_Transport_AbstractSmtpTransport->start()
#5 /home/x/x4power/erp.cit-llc.ru/public_html/application/vendor/laravel/framework/src/Illuminate/Mail/Mailer.php(521): Swift_Mailer->send(Object(Swift_Message), Array)
#6 /home/x/x4power/erp.cit-llc.ru/public_html/application/vendor/laravel/framework/src/Illuminate/Mail/Mailer.php(288): Illuminate\\Mail\\Mailer->sendSwiftMessage(Object(Swift_Message))
#7 /home/x/x4power/erp.cit-llc.ru/public_html/application/vendor/laravel/framework/src/Illuminate/Mail/Mailable.php(177): Illuminate\\Mail\\Mailer->send('pages.emails.te...', Array, Object(Closure))
#8 /home/x/x4power/erp.cit-llc.ru/public_html/application/vendor/laravel/framework/src/Illuminate/Support/Traits/Localizable.php(19): Illuminate\\Mail\\Mailable->Illuminate\\Mail\\{closure}()
#9 /home/x/x4power/erp.cit-llc.ru/public_html/application/vendor/laravel/framework/src/Illuminate/Mail/Mailable.php(178): Illuminate\\Mail\\Mailable->withLocale(NULL, Object(Closure))
#10 /home/x/x4power/erp.cit-llc.ru/public_html/application/vendor/laravel/framework/src/Illuminate/Mail/Mailer.php(304): Illuminate\\Mail\\Mailable->send(Object(Illuminate\\Mail\\Mailer))
#11 /home/x/x4power/erp.cit-llc.ru/public_html/application/vendor/laravel/framework/src/Illuminate/Mail/Mailer.php(258): Illuminate\\Mail\\Mailer->sendMailable(Object(App\\Mail\\SendQueued))
#12 /home/x/x4power/erp.cit-llc.ru/public_html/application/vendor/laravel/framework/src/Illuminate/Mail/PendingMail.php(122): Illuminate\\Mail\\Mailer->send(Object(App\\Mail\\SendQueued))
#13 /home/x/x4power/erp.cit-llc.ru/public_html/application/app/Cronjobs/EmailCron.php(48): Illuminate\\Mail\\PendingMail->send(Object(App\\Mail\\SendQueued))
#14 [internal function]: App\\Cronjobs\\EmailCron->__invoke()
#15 /home/x/x4power/erp.cit-llc.ru/public_html/application/vendor/laravel/framework/src/Illuminate/Container/BoundMethod.php(37): call_user_func_array(Array, Array)
#16 /home/x/x4power/erp.cit-llc.ru/public_html/application/vendor/laravel/framework/src/Illuminate/Container/Util.php(37): Illuminate\\Container\\BoundMethod::Illuminate\\Container\\{closure}()
#17 /home/x/x4power/erp.cit-llc.ru/public_html/application/vendor/laravel/framework/src/Illuminate/Container/BoundMethod.php(95): Illuminate\\Container\\Util::unwrapIfClosure(Object(Closure))
#18 /home/x/x4power/erp.cit-llc.ru/public_html/application/vendor/laravel/framework/src/Illuminate/Container/BoundMethod.php(39): Illuminate\\Container\\BoundMethod::callBoundMethod(Object(Illuminate\\Foundation\\Application), Array, Object(Closure))
#19 /home/x/x4power/erp.cit-llc.ru/public_html/application/vendor/laravel/framework/src/Illuminate/Container/Container.php(596): Illuminate\\Container\\BoundMethod::call(Object(Illuminate\\Foundation\\Application), Array, Array, NULL)
#20 /home/x/x4power/erp.cit-llc.ru/public_html/application/vendor/laravel/framework/src/Illuminate/Console/Scheduling/CallbackEvent.php(77): Illuminate\\Container\\Container->call(Array, Array)
#21 /home/x/x4power/erp.cit-llc.ru/public_html/application/vendor/laravel/framework/src/Illuminate/Console/Scheduling/ScheduleRunCommand.php(143): Illuminate\\Console\\Scheduling\\CallbackEvent->run(Object(Illuminate\\Foundation\\Application))
#22 /home/x/x4power/erp.cit-llc.ru/public_html/application/vendor/laravel/framework/src/Illuminate/Console/Scheduling/ScheduleRunCommand.php(102): Illuminate\\Console\\Scheduling\\ScheduleRunCommand->runEvent(Object(Illuminate\\Console\\Scheduling\\CallbackEvent))
#23 [internal function]: Illuminate\\Console\\Scheduling\\ScheduleRunCommand->handle(Object(Illuminate\\Console\\Scheduling\\Schedule), Object(Illuminate\\Events\\Dispatcher), Object(App\\Exceptions\\Handler))
#24 /home/x/x4power/erp.cit-llc.ru/public_html/application/vendor/laravel/framework/src/Illuminate/Container/BoundMethod.php(37): call_user_func_array(Array, Array)
#25 /home/x/x4power/erp.cit-llc.ru/public_html/application/vendor/laravel/framework/src/Illuminate/Container/Util.php(37): Illuminate\\Container\\BoundMethod::Illuminate\\Container\\{closure}()
#26 /home/x/x4power/erp.cit-llc.ru/public_html/application/vendor/laravel/framework/src/Illuminate/Container/BoundMethod.php(95): Illuminate\\Container\\Util::unwrapIfClosure(Object(Closure))
#27 /home/x/x4power/erp.cit-llc.ru/public_html/application/vendor/laravel/framework/src/Illuminate/Container/BoundMethod.php(39): Illuminate\\Container\\BoundMethod::callBoundMethod(Object(Illuminate\\Foundation\\Application), Array, Object(Closure))
#28 /home/x/x4power/erp.cit-llc.ru/public_html/application/vendor/laravel/framework/src/Illuminate/Container/Container.php(596): Illuminate\\Container\\BoundMethod::call(Object(Illuminate\\Foundation\\Application), Array, Array, NULL)
#29 /home/x/x4power/erp.cit-llc.ru/public_html/application/vendor/laravel/framework/src/Illuminate/Console/Command.php(134): Illuminate\\Container\\Container->call(Array)
#30 /home/x/x4power/erp.cit-llc.ru/public_html/application/vendor/symfony/console/Command/Command.php(258): Illuminate\\Console\\Command->execute(Object(Symfony\\Component\\Console\\Input\\ArgvInput), Object(Illuminate\\Console\\OutputStyle))
#31 /home/x/x4power/erp.cit-llc.ru/public_html/application/vendor/laravel/framework/src/Illuminate/Console/Command.php(121): Symfony\\Component\\Console\\Command\\Command->run(Object(Symfony\\Component\\Console\\Input\\ArgvInput), Object(Illuminate\\Console\\OutputStyle))
#32 /home/x/x4power/erp.cit-llc.ru/public_html/application/vendor/symfony/console/Application.php(916): Illuminate\\Console\\Command->run(Object(Symfony\\Component\\Console\\Input\\ArgvInput), Object(Symfony\\Component\\Console\\Output\\ConsoleOutput))
#33 /home/x/x4power/erp.cit-llc.ru/public_html/application/vendor/symfony/console/Application.php(264): Symfony\\Component\\Console\\Application->doRunCommand(Object(Illuminate\\Console\\Scheduling\\ScheduleRunCommand), Object(Symfony\\Component\\Console\\Input\\ArgvInput), Object(Symfony\\Component\\Console\\Output\\ConsoleOutput))
#34 /home/x/x4power/erp.cit-llc.ru/public_html/application/vendor/symfony/console/Application.php(140): Symfony\\Component\\Console\\Application->doRun(Object(Symfony\\Component\\Console\\Input\\ArgvInput), Object(Symfony\\Component\\Console\\Output\\ConsoleOutput))
#35 /home/x/x4power/erp.cit-llc.ru/public_html/application/vendor/laravel/framework/src/Illuminate/Console/Application.php(93): Symfony\\Component\\Console\\Application->run(Object(Symfony\\Component\\Console\\Input\\ArgvInput), Object(Symfony\\Component\\Console\\Output\\ConsoleOutput))
#36 /home/x/x4power/erp.cit-llc.ru/public_html/application/vendor/laravel/framework/src/Illuminate/Foundation/Console/Kernel.php(129): Illuminate\\Console\\Application->run(Object(Symfony\\Component\\Console\\Input\\ArgvInput), Object(Symfony\\Component\\Console\\Output\\ConsoleOutput))
#37 /home/x/x4power/erp.cit-llc.ru/public_html/application/artisan(37): Illuminate\\Foundation\\Console\\Kernel->handle(Object(Symfony\\Component\\Console\\Input\\ArgvInput), Object(Symfony\\Component\\Console\\Output\\ConsoleOutput))
#38 {main}
"} 
[2021-07-22 16:41:53] production.ERROR: Connection could not be established with host smtp.beget.com :stream_socket_client(): unable to connect to ssl://smtp.beget.com:0 (Connection refused) {"exception":"[object] (Swift_TransportException(code: 0): Connection could not be established with host smtp.beget.com :stream_socket_client(): unable to connect to ssl://smtp.beget.com:0 (Connection refused) at /home/x/x4power/erp.cit-llc.ru/public_html/application/vendor/swiftmailer/swiftmailer/lib/classes/Swift/Transport/StreamBuffer.php:269)
[stacktrace]
#0 [internal function]: Swift_Transport_StreamBuffer->{closure}(2, 'stream_socket_c...', '/home/x/x4power...', 272, Array)
#1 /home/x/x4power/erp.cit-llc.ru/public_html/application/vendor/swiftmailer/swiftmailer/lib/classes/Swift/Transport/StreamBuffer.php(272): stream_socket_client('ssl://smtp.bege...', 111, 'Connection refu...', 30, 4, Resource id #872)
#2 /home/x/x4power/erp.cit-llc.ru/public_html/application/vendor/swiftmailer/swiftmailer/lib/classes/Swift/Transport/StreamBuffer.php(58): Swift_Transport_StreamBuffer->establishSocketConnection()
#3 /home/x/x4power/erp.cit-llc.ru/public_html/application/vendor/swiftmailer/swiftmailer/lib/classes/Swift/Transport/AbstractSmtpTransport.php(143): Swift_Transport_StreamBuffer->initialize(Array)
#4 /home/x/x4power/erp.cit-llc.ru/public_html/application/vendor/swiftmailer/swiftmailer/lib/classes/Swift/Mailer.php(65): Swift_Transport_AbstractSmtpTransport->start()
#5 /home/x/x4power/erp.cit-llc.ru/public_html/application/vendor/laravel/framework/src/Illuminate/Mail/Mailer.php(521): Swift_Mailer->send(Object(Swift_Message), Array)
#6 /home/x/x4power/erp.cit-llc.ru/public_html/application/vendor/laravel/framework/src/Illuminate/Mail/Mailer.php(288): Illuminate\\Mail\\Mailer->sendSwiftMessage(Object(Swift_Message))
#7 /home/x/x4power/erp.cit-llc.ru/public_html/application/vendor/laravel/framework/src/Illuminate/Mail/Mailable.php(177): Illuminate\\Mail\\Mailer->send('pages.emails.te...', Array, Object(Closure))
#8 /home/x/x4power/erp.cit-llc.ru/public_html/application/vendor/laravel/framework/src/Illuminate/Support/Traits/Localizable.php(19): Illuminate\\Mail\\Mailable->Illuminate\\Mail\\{closure}()
#9 /home/x/x4power/erp.cit-llc.ru/public_html/application/vendor/laravel/framework/src/Illuminate/Mail/Mailable.php(178): Illuminate\\Mail\\Mailable->withLocale(NULL, Object(Closure))
#10 /home/x/x4power/erp.cit-llc.ru/public_html/application/vendor/laravel/framework/src/Illuminate/Mail/Mailer.php(304): Illuminate\\Mail\\Mailable->send(Object(Illuminate\\Mail\\Mailer))
#11 /home/x/x4power/erp.cit-llc.ru/public_html/application/vendor/laravel/framework/src/Illuminate/Mail/Mailer.php(258): Illuminate\\Mail\\Mailer->sendMailable(Object(App\\Mail\\SendQueued))
#12 /home/x/x4power/erp.cit-llc.ru/public_html/application/vendor/laravel/framework/src/Illuminate/Mail/PendingMail.php(122): Illuminate\\Mail\\Mailer->send(Object(App\\Mail\\SendQueued))
#13 /home/x/x4power/erp.cit-llc.ru/public_html/application/app/Cronjobs/EmailCron.php(48): Illuminate\\Mail\\PendingMail->send(Object(App\\Mail\\SendQueued))
#14 [internal function]: App\\Cronjobs\\EmailCron->__invoke()
#15 /home/x/x4power/erp.cit-llc.ru/public_html/application/vendor/laravel/framework/src/Illuminate/Container/BoundMethod.php(37): call_user_func_array(Array, Array)
#16 /home/x/x4power/erp.cit-llc.ru/public_html/application/vendor/laravel/framework/src/Illuminate/Container/Util.php(37): Illuminate\\Container\\BoundMethod::Illuminate\\Container\\{closure}()
#17 /home/x/x4power/erp.cit-llc.ru/public_html/application/vendor/laravel/framework/src/Illuminate/Container/BoundMethod.php(95): Illuminate\\Container\\Util::unwrapIfClosure(Object(Closure))
#18 /home/x/x4power/erp.cit-llc.ru/public_html/application/vendor/laravel/framework/src/Illuminate/Container/BoundMethod.php(39): Illuminate\\Container\\BoundMethod::callBoundMethod(Object(Illuminate\\Foundation\\Application), Array, Object(Closure))
#19 /home/x/x4power/erp.cit-llc.ru/public_html/application/vendor/laravel/framework/src/Illuminate/Container/Container.php(596): Illuminate\\Container\\BoundMethod::call(Object(Illuminate\\Foundation\\Application), Array, Array, NULL)
#20 /home/x/x4power/erp.cit-llc.ru/public_html/application/vendor/laravel/framework/src/Illuminate/Console/Scheduling/CallbackEvent.php(77): Illuminate\\Container\\Container->call(Array, Array)
#21 /home/x/x4power/erp.cit-llc.ru/public_html/application/vendor/laravel/framework/src/Illuminate/Console/Scheduling/ScheduleRunCommand.php(143): Illuminate\\Console\\Scheduling\\CallbackEvent->run(Object(Illuminate\\Foundation\\Application))
#22 /home/x/x4power/erp.cit-llc.ru/public_html/application/vendor/laravel/framework/src/Illuminate/Console/Scheduling/ScheduleRunCommand.php(102): Illuminate\\Console\\Scheduling\\ScheduleRunCommand->runEvent(Object(Illuminate\\Console\\Scheduling\\CallbackEvent))
#23 [internal function]: Illuminate\\Console\\Scheduling\\ScheduleRunCommand->handle(Object(Illuminate\\Console\\Scheduling\\Schedule), Object(Illuminate\\Events\\Dispatcher), Object(App\\Exceptions\\Handler))
#24 /home/x/x4power/erp.cit-llc.ru/public_html/application/vendor/laravel/framework/src/Illuminate/Container/BoundMethod.php(37): call_user_func_array(Array, Array)
#25 /home/x/x4power/erp.cit-llc.ru/public_html/application/vendor/laravel/framework/src/Illuminate/Container/Util.php(37): Illuminate\\Container\\BoundMethod::Illuminate\\Container\\{closure}()
#26 /home/x/x4power/erp.cit-llc.ru/public_html/application/vendor/laravel/framework/src/Illuminate/Container/BoundMethod.php(95): Illuminate\\Container\\Util::unwrapIfClosure(Object(Closure))
#27 /home/x/x4power/erp.cit-llc.ru/public_html/application/vendor/laravel/framework/src/Illuminate/Container/BoundMethod.php(39): Illuminate\\Container\\BoundMethod::callBoundMethod(Object(Illuminate\\Foundation\\Application), Array, Object(Closure))
#28 /home/x/x4power/erp.cit-llc.ru/public_html/application/vendor/laravel/framework/src/Illuminate/Container/Container.php(596): Illuminate\\Container\\BoundMethod::call(Object(Illuminate\\Foundation\\Application), Array, Array, NULL)
#29 /home/x/x4power/erp.cit-llc.ru/public_html/application/vendor/laravel/framework/src/Illuminate/Console/Command.php(134): Illuminate\\Container\\Container->call(Array)
#30 /home/x/x4power/erp.cit-llc.ru/public_html/application/vendor/symfony/console/Command/Command.php(258): Illuminate\\Console\\Command->execute(Object(Symfony\\Component\\Console\\Input\\ArgvInput), Object(Illuminate\\Console\\OutputStyle))
#31 /home/x/x4power/erp.cit-llc.ru/public_html/application/vendor/laravel/framework/src/Illuminate/Console/Command.php(121): Symfony\\Component\\Console\\Command\\Command->run(Object(Symfony\\Component\\Console\\Input\\ArgvInput), Object(Illuminate\\Console\\OutputStyle))
#32 /home/x/x4power/erp.cit-llc.ru/public_html/application/vendor/symfony/console/Application.php(916): Illuminate\\Console\\Command->run(Object(Symfony\\Component\\Console\\Input\\ArgvInput), Object(Symfony\\Component\\Console\\Output\\ConsoleOutput))
#33 /home/x/x4power/erp.cit-llc.ru/public_html/application/vendor/symfony/console/Application.php(264): Symfony\\Component\\Console\\Application->doRunCommand(Object(Illuminate\\Console\\Scheduling\\ScheduleRunCommand), Object(Symfony\\Component\\Console\\Input\\ArgvInput), Object(Symfony\\Component\\Console\\Output\\ConsoleOutput))
#34 /home/x/x4power/erp.cit-llc.ru/public_html/application/vendor/symfony/console/Application.php(140): Symfony\\Component\\Console\\Application->doRun(Object(Symfony\\Component\\Console\\Input\\ArgvInput), Object(Symfony\\Component\\Console\\Output\\ConsoleOutput))
#35 /home/x/x4power/erp.cit-llc.ru/public_html/application/vendor/laravel/framework/src/Illuminate/Console/Application.php(93): Symfony\\Component\\Console\\Application->run(Object(Symfony\\Component\\Console\\Input\\ArgvInput), Object(Symfony\\Component\\Console\\Output\\ConsoleOutput))
#36 /home/x/x4power/erp.cit-llc.ru/public_html/application/vendor/laravel/framework/src/Illuminate/Foundation/Console/Kernel.php(129): Illuminate\\Console\\Application->run(Object(Symfony\\Component\\Console\\Input\\ArgvInput), Object(Symfony\\Component\\Console\\Output\\ConsoleOutput))
#37 /home/x/x4power/erp.cit-llc.ru/public_html/application/artisan(37): Illuminate\\Foundation\\Console\\Kernel->handle(Object(Symfony\\Component\\Console\\Input\\ArgvInput), Object(Symfony\\Component\\Console\\Output\\ConsoleOutput))
#38 {main}
"} 
